<?xml version="1.0" encoding="UTF-8"?>
<testsuite xmlns:xsi="http://www.w3.org/2001/XMLSchema-instance" xsi:noNamespaceSchemaLocation="https://maven.apache.org/surefire/maven-surefire-plugin/xsd/surefire-test-report-3.0.xsd" version="3.0" name="InjectedTest" time="12.722" tests="8" errors="0" skipped="0" failures="0">
  <properties>
    <property name="java.specification.version" value="21"/>
    <property name="sun.cpu.isalist" value="amd64"/>
    <property name="sun.jnu.encoding" value="Cp1252"/>
    <property name="java.class.path" value="C:\Projects\Maven Projects\temp\simplify-qa-connector-plugin\target\test-classes;C:\Projects\Maven Projects\temp\simplify-qa-connector-plugin\target\classes;C:\Users\Administrator\.m2\repository\com\fasterxml\jackson\core\jackson-databind\2.16.0\jackson-databind-2.16.0.jar;C:\Users\Administrator\.m2\repository\com\fasterxml\jackson\core\jackson-annotations\2.16.0\jackson-annotations-2.16.0.jar;C:\Users\Administrator\.m2\repository\com\fasterxml\jackson\core\jackson-core\2.16.0\jackson-core-2.16.0.jar;C:\Users\Administrator\.m2\repository\org\apache\clerezza\ext\org.json.simple\0.4\org.json.simple-0.4.jar;C:\Users\Administrator\.m2\repository\com\googlecode\json-simple\json-simple\1.1\json-simple-1.1.jar;C:\Users\Administrator\.m2\repository\org\jenkins-ci\plugins\structs\324.va_f5d6774f3a_d\structs-324.va_f5d6774f3a_d.jar;C:\Users\Administrator\.m2\repository\org\jenkins-ci\plugins\workflow\workflow-basic-steps\1017.vb_45b_302f0cea_\workflow-basic-steps-1017.vb_45b_302f0cea_.jar;C:\Users\Administrator\.m2\repository\org\jenkins-ci\plugins\workflow\workflow-step-api\639.v6eca_cd8c04a_a_\workflow-step-api-639.v6eca_cd8c04a_a_.jar;C:\Users\Administrator\.m2\repository\org\jenkins-ci\plugins\mailer\457.v3f72cb_e015e5\mailer-457.v3f72cb_e015e5.jar;C:\Users\Administrator\.m2\repository\org\jenkins-ci\plugins\display-url-api\2.3.7\display-url-api-2.3.7.jar;C:\Users\Administrator\.m2\repository\org\jenkins-ci\modules\instance-identity\173.va_37c494ec4e5\instance-identity-173.va_37c494ec4e5.jar;C:\Users\Administrator\.m2\repository\org\jenkins-ci\plugins\bouncycastle-api\2.28\bouncycastle-api-2.28.jar;C:\Users\Administrator\.m2\repository\org\bouncycastle\bcpkix-jdk18on\1.73\bcpkix-jdk18on-1.73.jar;C:\Users\Administrator\.m2\repository\org\bouncycastle\bcprov-jdk18on\1.73\bcprov-jdk18on-1.73.jar;C:\Users\Administrator\.m2\repository\org\bouncycastle\bcutil-jdk18on\1.73\bcutil-jdk18on-1.73.jar;C:\Users\Administrator\.m2\repository\org\jenkins-ci\plugins\workflow\workflow-api\1215.v2b_ee3e1b_dd39\workflow-api-1215.v2b_ee3e1b_dd39.jar;C:\Users\Administrator\.m2\repository\org\jenkins-ci\plugins\apache-httpcomponents-client-4-api\4.5.14-150.v7a_b_9d17134a_5\apache-httpcomponents-client-4-api-4.5.14-150.v7a_b_9d17134a_5.jar;C:\Users\Administrator\.m2\repository\org\apache\httpcomponents\httpcore\4.4.16\httpcore-4.4.16.jar;C:\Users\Administrator\.m2\repository\org\apache\httpcomponents\httpcore-nio\4.4.16\httpcore-nio-4.4.16.jar;C:\Users\Administrator\.m2\repository\org\apache\httpcomponents\httpclient\4.5.14\httpclient-4.5.14.jar;C:\Users\Administrator\.m2\repository\org\apache\httpcomponents\httpmime\4.5.14\httpmime-4.5.14.jar;C:\Users\Administrator\.m2\repository\org\apache\httpcomponents\fluent-hc\4.5.14\fluent-hc-4.5.14.jar;C:\Users\Administrator\.m2\repository\org\apache\httpcomponents\httpclient-cache\4.5.14\httpclient-cache-4.5.14.jar;C:\Users\Administrator\.m2\repository\org\apache\httpcomponents\httpasyncclient\4.1.5\httpasyncclient-4.1.5.jar;C:\Users\Administrator\.m2\repository\org\apache\httpcomponents\httpasyncclient-cache\4.1.5\httpasyncclient-cache-4.1.5.jar;C:\Users\Administrator\.m2\repository\io\jenkins\plugins\jakarta-mail-api\2.0.1-3\jakarta-mail-api-2.0.1-3.jar;C:\Users\Administrator\.m2\repository\com\sun\mail\jakarta.mail\2.0.1\jakarta.mail-2.0.1.jar;C:\Users\Administrator\.m2\repository\io\jenkins\plugins\jakarta-activation-api\2.0.1-3\jakarta-activation-api-2.0.1-3.jar;C:\Users\Administrator\.m2\repository\com\sun\activation\jakarta.activation\2.0.1\jakarta.activation-2.0.1.jar;C:\Users\Administrator\.m2\repository\org\jenkins-ci\plugins\workflow\workflow-cps\3673.v5b_dd74276262\workflow-cps-3673.v5b_dd74276262.jar;C:\Users\Administrator\.m2\repository\io\jenkins\plugins\ionicons-api\56.v1b_1c8c49374e\ionicons-api-56.v1b_1c8c49374e.jar;C:\Users\Administrator\.m2\repository\org\jenkins-ci\plugins\workflow\workflow-support\839.v35e2736cfd5c\workflow-support-839.v35e2736cfd5c.jar;C:\Users\Administrator\.m2\repository\io\jenkins\plugins\caffeine-api\3.1.6-115.vb_8b_b_328e59d8\caffeine-api-3.1.6-115.vb_8b_b_328e59d8.jar;C:\Users\Administrator\.m2\repository\com\github\ben-manes\caffeine\caffeine\3.1.6\caffeine-3.1.6.jar;C:\Users\Administrator\.m2\repository\org\jboss\marshalling\jboss-marshalling-river\2.1.0.Final\jboss-marshalling-river-2.1.0.Final.jar;C:\Users\Administrator\.m2\repository\org\jboss\marshalling\jboss-marshalling\2.1.0.Final\jboss-marshalling-2.1.0.Final.jar;C:\Users\Administrator\.m2\repository\org\jenkins-ci\plugins\workflow\workflow-scm-step\408.v7d5b_135a_b_d49\workflow-scm-step-408.v7d5b_135a_b_d49.jar;C:\Users\Administrator\.m2\repository\org\jenkins-ci\plugins\script-security\1251.vfe552ed55f8d\script-security-1251.vfe552ed55f8d.jar;C:\Users\Administrator\.m2\repository\org\kohsuke\groovy-sandbox\1.33\groovy-sandbox-1.33.jar;C:\Users\Administrator\.m2\repository\org\jenkins-ci\plugins\scm-api\676.v886669a_199a_a_\scm-api-676.v886669a_199a_a_.jar;C:\Users\Administrator\.m2\repository\com\cloudbees\groovy-cps\3673.v5b_dd74276262\groovy-cps-3673.v5b_dd74276262.jar;C:\Users\Administrator\.m2\repository\com\cloudbees\diff4j\1.3\diff4j-1.3.jar;C:\Users\Administrator\.m2\repository\org\jenkins-ci\plugins\workflow\workflow-durable-task-step\1247.v7f9dfea_b_4fd0\workflow-durable-task-step-1247.v7f9dfea_b_4fd0.jar;C:\Users\Administrator\.m2\repository\org\jenkins-ci\plugins\durable-task\507.v050055d0cb_dd\durable-task-507.v050055d0cb_dd.jar;C:\Users\Administrator\.m2\repository\io\jenkins\plugins\lib-durable-task\40.vc66cf8fb_4613\lib-durable-task-40.vc66cf8fb_4613.jar;C:\Users\Administrator\.m2\repository\org\jenkins-ci\plugins\workflow\workflow-job\1308.v58d48a_763b_31\workflow-job-1308.v58d48a_763b_31.jar;C:\Users\Administrator\.m2\repository\org\jenkins-ci\main\jenkins-core\2.375.1\jenkins-core-2.375.1.jar;C:\Users\Administrator\.m2\repository\org\jenkins-ci\main\cli\2.375.1\cli-2.375.1.jar;C:\Users\Administrator\.m2\repository\org\jenkins-ci\main\remoting\3071.v7e9b_0dc08466\remoting-3071.v7e9b_0dc08466.jar;C:\Users\Administrator\.m2\repository\antlr\antlr\2.7.7\antlr-2.7.7.jar;C:\Users\Administrator\.m2\repository\args4j\args4j\2.33\args4j-2.33.jar;C:\Users\Administrator\.m2\repository\com\github\spotbugs\spotbugs-annotations\4.7.3\spotbugs-annotations-4.7.3.jar;C:\Users\Administrator\.m2\repository\com\google\guava\guava\31.1-jre\guava-31.1-jre.jar;C:\Users\Administrator\.m2\repository\com\google\guava\failureaccess\1.0.1\failureaccess-1.0.1.jar;C:\Users\Administrator\.m2\repository\com\google\guava\listenablefuture\9999.0-empty-to-avoid-conflict-with-guava\listenablefuture-9999.0-empty-to-avoid-conflict-with-guava.jar;C:\Users\Administrator\.m2\repository\com\google\code\findbugs\jsr305\3.0.1\jsr305-3.0.1.jar;C:\Users\Administrator\.m2\repository\com\google\inject\guice\5.0.1\guice-5.0.1.jar;C:\Users\Administrator\.m2\repository\javax\inject\javax.inject\1\javax.inject-1.jar;C:\Users\Administrator\.m2\repository\com\infradna\tool\bridge-method-annotation\1.23\bridge-method-annotation-1.23.jar;C:\Users\Administrator\.m2\repository\com\jcraft\jzlib\1.1.3-kohsuke-1\jzlib-1.1.3-kohsuke-1.jar;C:\Users\Administrator\.m2\repository\com\sun\solaris\embedded_su4j\1.1\embedded_su4j-1.1.jar;C:\Users\Administrator\.m2\repository\com\sun\xml\txw2\txw2\20110809\txw2-20110809.jar;C:\Users\Administrator\.m2\repository\relaxngDatatype\relaxngDatatype\20020414\relaxngDatatype-20020414.jar;C:\Users\Administrator\.m2\repository\com\thoughtworks\xstream\xstream\1.4.19\xstream-1.4.19.jar;C:\Users\Administrator\.m2\repository\io\github\x-stream\mxparser\1.2.2\mxparser-1.2.2.jar;C:\Users\Administrator\.m2\repository\commons-beanutils\commons-beanutils\1.9.4\commons-beanutils-1.9.4.jar;C:\Users\Administrator\.m2\repository\commons-codec\commons-codec\1.15\commons-codec-1.15.jar;C:\Users\Administrator\.m2\repository\commons-collections\commons-collections\3.2.2\commons-collections-3.2.2.jar;C:\Users\Administrator\.m2\repository\commons-fileupload\commons-fileupload\1.4\commons-fileupload-1.4.jar;C:\Users\Administrator\.m2\repository\commons-httpclient\commons-httpclient\3.1-jenkins-3\commons-httpclient-3.1-jenkins-3.jar;C:\Users\Administrator\.m2\repository\commons-io\commons-io\2.11.0\commons-io-2.11.0.jar;C:\Users\Administrator\.m2\repository\commons-jelly\commons-jelly-tags-fmt\1.0\commons-jelly-tags-fmt-1.0.jar;C:\Users\Administrator\.m2\repository\commons-jelly\commons-jelly-tags-xml\1.1\commons-jelly-tags-xml-1.1.jar;C:\Users\Administrator\.m2\repository\commons-lang\commons-lang\2.6\commons-lang-2.6.jar;C:\Users\Administrator\.m2\repository\io\jenkins\stapler\jenkins-stapler-support\1.1\jenkins-stapler-support-1.1.jar;C:\Users\Administrator\.m2\repository\jakarta\servlet\jsp\jstl\jakarta.servlet.jsp.jstl-api\1.2.7\jakarta.servlet.jsp.jstl-api-1.2.7.jar;C:\Users\Administrator\.m2\repository\jaxen\jaxen\1.2.0\jaxen-1.2.0.jar;C:\Users\Administrator\.m2\repository\jline\jline\2.14.6\jline-2.14.6.jar;C:\Users\Administrator\.m2\repository\net\java\dev\jna\jna\5.12.1\jna-5.12.1.jar;C:\Users\Administrator\.m2\repository\net\java\sezpoz\sezpoz\1.13\sezpoz-1.13.jar;C:\Users\Administrator\.m2\repository\net\jcip\jcip-annotations\1.0\jcip-annotations-1.0.jar;C:\Users\Administrator\.m2\repository\net\sf\kxml\kxml2\2.3.0\kxml2-2.3.0.jar;C:\Users\Administrator\.m2\repository\org\apache\ant\ant\1.10.12\ant-1.10.12.jar;C:\Users\Administrator\.m2\repository\org\apache\ant\ant-launcher\1.10.12\ant-launcher-1.10.12.jar;C:\Users\Administrator\.m2\repository\org\apache\commons\commons-compress\1.21\commons-compress-1.21.jar;C:\Users\Administrator\.m2\repository\org\codehaus\groovy\groovy-all\2.4.21\groovy-all-2.4.21.jar;C:\Users\Administrator\.m2\repository\org\connectbot\jbcrypt\jbcrypt\1.0.0\jbcrypt-1.0.0.jar;C:\Users\Administrator\.m2\repository\org\fusesource\jansi\jansi\1.11\jansi-1.11.jar;C:\Users\Administrator\.m2\repository\org\jenkins-ci\annotation-indexer\1.16\annotation-indexer-1.16.jar;C:\Users\Administrator\.m2\repository\org\jenkins-ci\commons-jexl\1.1-jenkins-20111212\commons-jexl-1.1-jenkins-20111212.jar;C:\Users\Administrator\.m2\repository\org\jenkins-ci\crypto-util\1.7\crypto-util-1.7.jar;C:\Users\Administrator\.m2\repository\org\jenkins-ci\memory-monitor\1.12\memory-monitor-1.12.jar;C:\Users\Administrator\.m2\repository\org\jenkins-ci\symbol-annotation\1.23\symbol-annotation-1.23.jar;C:\Users\Administrator\.m2\repository\org\jenkins-ci\task-reactor\1.8\task-reactor-1.8.jar;C:\Users\Administrator\.m2\repository\org\jenkins-ci\version-number\1.10\version-number-1.10.jar;C:\Users\Administrator\.m2\repository\org\jenkins-ci\main\websocket-spi\2.375.1\websocket-spi-2.375.1.jar;C:\Users\Administrator\.m2\repository\org\jfree\jfreechart\1.0.19\jfreechart-1.0.19.jar;C:\Users\Administrator\.m2\repository\org\jfree\jcommon\1.0.23\jcommon-1.0.23.jar;C:\Users\Administrator\.m2\repository\org\jvnet\hudson\commons-jelly-tags-define\1.0.1-hudson-20071021\commons-jelly-tags-define-1.0.1-hudson-20071021.jar;C:\Users\Administrator\.m2\repository\org\jvnet\localizer\localizer\1.31\localizer-1.31.jar;C:\Users\Administrator\.m2\repository\org\jvnet\robust-http-client\robust-http-client\1.2\robust-http-client-1.2.jar;C:\Users\Administrator\.m2\repository\org\jvnet\winp\winp\1.30\winp-1.30.jar;C:\Users\Administrator\.m2\repository\org\kohsuke\access-modifier-annotation\1.27\access-modifier-annotation-1.27.jar;C:\Users\Administrator\.m2\repository\org\kohsuke\windows-package-checker\1.2\windows-package-checker-1.2.jar;C:\Users\Administrator\.m2\repository\org\kohsuke\jinterop\j-interop\2.0.8-kohsuke-1\j-interop-2.0.8-kohsuke-1.jar;C:\Users\Administrator\.m2\repository\org\kohsuke\jinterop\j-interopdeps\2.0.8-kohsuke-1\j-interopdeps-2.0.8-kohsuke-1.jar;C:\Users\Administrator\.m2\repository\org\samba\jcifs\jcifs\1.3.18-kohsuke-1\jcifs-1.3.18-kohsuke-1.jar;C:\Users\Administrator\.m2\repository\org\kohsuke\stapler\json-lib\2.4-jenkins-3\json-lib-2.4-jenkins-3.jar;C:\Users\Administrator\.m2\repository\net\sf\ezmorph\ezmorph\1.0.6\ezmorph-1.0.6.jar;C:\Users\Administrator\.m2\repository\org\kohsuke\stapler\stapler\1736.vb_1e05c4231b_c\stapler-1736.vb_1e05c4231b_c.jar;C:\Users\Administrator\.m2\repository\commons-discovery\commons-discovery\0.5\commons-discovery-0.5.jar;C:\Users\Administrator\.m2\repository\jakarta\annotation\jakarta.annotation-api\2.1.1\jakarta.annotation-api-2.1.1.jar;C:\Users\Administrator\.m2\repository\javax\annotation\javax.annotation-api\1.3.2\javax.annotation-api-1.3.2.jar;C:\Users\Administrator\.m2\repository\org\jvnet\tiger-types\2.2\tiger-types-2.2.jar;C:\Users\Administrator\.m2\repository\org\kohsuke\stapler\stapler-adjunct-codemirror\1.3\stapler-adjunct-codemirror-1.3.jar;C:\Users\Administrator\.m2\repository\org\kohsuke\stapler\stapler-adjunct-timeline\1.5\stapler-adjunct-timeline-1.5.jar;C:\Users\Administrator\.m2\repository\org\kohsuke\stapler\stapler-groovy\1736.vb_1e05c4231b_c\stapler-groovy-1736.vb_1e05c4231b_c.jar;C:\Users\Administrator\.m2\repository\org\kohsuke\stapler\stapler-jelly\1736.vb_1e05c4231b_c\stapler-jelly-1736.vb_1e05c4231b_c.jar;C:\Users\Administrator\.m2\repository\org\dom4j\dom4j\2.1.3\dom4j-2.1.3.jar;C:\Users\Administrator\.m2\repository\org\jenkins-ci\commons-jelly\1.1-jenkins-20220630\commons-jelly-1.1-jenkins-20220630.jar;C:\Users\Administrator\.m2\repository\org\ow2\asm\asm\9.4\asm-9.4.jar;C:\Users\Administrator\.m2\repository\org\ow2\asm\asm-analysis\9.4\asm-analysis-9.4.jar;C:\Users\Administrator\.m2\repository\org\ow2\asm\asm-commons\9.4\asm-commons-9.4.jar;C:\Users\Administrator\.m2\repository\org\ow2\asm\asm-tree\9.4\asm-tree-9.4.jar;C:\Users\Administrator\.m2\repository\org\ow2\asm\asm-util\9.4\asm-util-9.4.jar;C:\Users\Administrator\.m2\repository\org\slf4j\jcl-over-slf4j\2.0.3\jcl-over-slf4j-2.0.3.jar;C:\Users\Administrator\.m2\repository\org\slf4j\slf4j-api\2.0.3\slf4j-api-2.0.3.jar;C:\Users\Administrator\.m2\repository\org\slf4j\log4j-over-slf4j\2.0.3\log4j-over-slf4j-2.0.3.jar;C:\Users\Administrator\.m2\repository\org\springframework\security\spring-security-web\5.7.4\spring-security-web-5.7.4.jar;C:\Users\Administrator\.m2\repository\org\springframework\security\spring-security-core\5.7.4\spring-security-core-5.7.4.jar;C:\Users\Administrator\.m2\repository\org\springframework\security\spring-security-crypto\5.7.4\spring-security-crypto-5.7.4.jar;C:\Users\Administrator\.m2\repository\org\springframework\spring-core\5.3.23\spring-core-5.3.23.jar;C:\Users\Administrator\.m2\repository\org\springframework\spring-aop\5.3.23\spring-aop-5.3.23.jar;C:\Users\Administrator\.m2\repository\org\springframework\spring-beans\5.3.23\spring-beans-5.3.23.jar;C:\Users\Administrator\.m2\repository\org\springframework\spring-context\5.3.23\spring-context-5.3.23.jar;C:\Users\Administrator\.m2\repository\org\springframework\spring-expression\5.3.23\spring-expression-5.3.23.jar;C:\Users\Administrator\.m2\repository\org\springframework\spring-web\5.3.23\spring-web-5.3.23.jar;C:\Users\Administrator\.m2\repository\xpp3\xpp3\1.1.4c\xpp3-1.1.4c.jar;C:\Users\Administrator\.m2\repository\org\jenkins-ci\main\jenkins-war\2.375.1\jenkins-war-2.375.1.war;C:\Users\Administrator\.m2\repository\org\jenkins-ci\main\websocket-jetty10\2.375.1\websocket-jetty10-2.375.1.jar;C:\Users\Administrator\.m2\repository\org\kohsuke\metainf-services\metainf-services\1.9\metainf-services-1.9.jar;C:\Users\Administrator\.m2\repository\org\jenkins-ci\main\websocket-jetty9\2.375.1\websocket-jetty9-2.375.1.jar;C:\Users\Administrator\.m2\repository\org\slf4j\slf4j-jdk14\2.0.3\slf4j-jdk14-2.0.3.jar;C:\Users\Administrator\.m2\repository\jakarta\servlet\jakarta.servlet-api\4.0.4\jakarta.servlet-api-4.0.4.jar;C:\Users\Administrator\.m2\repository\commons-logging\commons-logging\1.2\commons-logging-1.2.jar;C:\Users\Administrator\.m2\repository\org\jenkins-ci\main\jenkins-test-harness\2099.vc95b_86578f37\jenkins-test-harness-2099.vc95b_86578f37.jar;C:\Users\Administrator\.m2\repository\io\jenkins\lib\support-log-formatter\1.2\support-log-formatter-1.2.jar;C:\Users\Administrator\.m2\repository\junit\junit\4.13.2\junit-4.13.2.jar;C:\Users\Administrator\.m2\repository\org\hamcrest\hamcrest-core\2.2\hamcrest-core-2.2.jar;C:\Users\Administrator\.m2\repository\org\eclipse\jetty\jetty-security\10.0.17\jetty-security-10.0.17.jar;C:\Users\Administrator\.m2\repository\org\eclipse\jetty\jetty-server\10.0.17\jetty-server-10.0.17.jar;C:\Users\Administrator\.m2\repository\org\eclipse\jetty\jetty-http\10.0.17\jetty-http-10.0.17.jar;C:\Users\Administrator\.m2\repository\org\eclipse\jetty\jetty-io\10.0.17\jetty-io-10.0.17.jar;C:\Users\Administrator\.m2\repository\org\eclipse\jetty\jetty-webapp\10.0.17\jetty-webapp-10.0.17.jar;C:\Users\Administrator\.m2\repository\org\eclipse\jetty\jetty-servlet\10.0.17\jetty-servlet-10.0.17.jar;C:\Users\Administrator\.m2\repository\org\eclipse\jetty\jetty-xml\10.0.17\jetty-xml-10.0.17.jar;C:\Users\Administrator\.m2\repository\org\eclipse\jetty\jetty-util\10.0.17\jetty-util-10.0.17.jar;C:\Users\Administrator\.m2\repository\org\eclipse\jetty\websocket\websocket-jetty-server\10.0.17\websocket-jetty-server-10.0.17.jar;C:\Users\Administrator\.m2\repository\org\eclipse\jetty\websocket\websocket-jetty-api\10.0.17\websocket-jetty-api-10.0.17.jar;C:\Users\Administrator\.m2\repository\org\eclipse\jetty\websocket\websocket-jetty-common\10.0.17\websocket-jetty-common-10.0.17.jar;C:\Users\Administrator\.m2\repository\org\eclipse\jetty\websocket\websocket-core-common\10.0.17\websocket-core-common-10.0.17.jar;C:\Users\Administrator\.m2\repository\org\eclipse\jetty\websocket\websocket-servlet\10.0.17\websocket-servlet-10.0.17.jar;C:\Users\Administrator\.m2\repository\org\eclipse\jetty\websocket\websocket-core-server\10.0.17\websocket-core-server-10.0.17.jar;C:\Users\Administrator\.m2\repository\org\eclipse\jetty\toolchain\jetty-servlet-api\4.0.6\jetty-servlet-api-4.0.6.jar;C:\Users\Administrator\.m2\repository\org\hamcrest\hamcrest\2.2\hamcrest-2.2.jar;C:\Users\Administrator\.m2\repository\org\jenkins-ci\main\jenkins-test-harness-htmlunit\158.v7f737a_0dea_b_b_\jenkins-test-harness-htmlunit-158.v7f737a_0dea_b_b_.jar;C:\Users\Administrator\.m2\repository\org\junit\jupiter\junit-jupiter-api\5.10.0\junit-jupiter-api-5.10.0.jar;C:\Users\Administrator\.m2\repository\org\opentest4j\opentest4j\1.3.0\opentest4j-1.3.0.jar;C:\Users\Administrator\.m2\repository\org\junit\platform\junit-platform-commons\1.10.0\junit-platform-commons-1.10.0.jar;C:\Users\Administrator\.m2\repository\org\netbeans\modules\org-netbeans-insane\RELEASE190\org-netbeans-insane-RELEASE190.jar;C:\Users\Administrator\.m2\repository\org\openjdk\jmh\jmh-core\1.37\jmh-core-1.37.jar;C:\Users\Administrator\.m2\repository\net\sf\jopt-simple\jopt-simple\5.0.4\jopt-simple-5.0.4.jar;C:\Users\Administrator\.m2\repository\org\apache\commons\commons-math3\3.6.1\commons-math3-3.6.1.jar;C:\Users\Administrator\.m2\repository\org\openjdk\jmh\jmh-generator-annprocess\1.37\jmh-generator-annprocess-1.37.jar;C:\Users\Administrator\.m2\repository\org\jenkins-ci\test-annotations\1.4\test-annotations-1.4.jar;C:\Users\Administrator\.m2\repository\org\junit\jupiter\junit-jupiter\5.10.0\junit-jupiter-5.10.0.jar;C:\Users\Administrator\.m2\repository\org\junit\jupiter\junit-jupiter-params\5.10.0\junit-jupiter-params-5.10.0.jar;C:\Users\Administrator\.m2\repository\org\junit\jupiter\junit-jupiter-engine\5.10.0\junit-jupiter-engine-5.10.0.jar;C:\Users\Administrator\.m2\repository\org\junit\vintage\junit-vintage-engine\5.10.0\junit-vintage-engine-5.10.0.jar;C:\Users\Administrator\.m2\repository\org\junit\platform\junit-platform-engine\1.10.0\junit-platform-engine-1.10.0.jar;C:\Users\Administrator\.m2\repository\org\apiguardian\apiguardian-api\1.1.2\apiguardian-api-1.1.2.jar;"/>
    <property name="java.vm.vendor" value="Eclipse Adoptium"/>
    <property name="sun.arch.data.model" value="64"/>
    <property name="user.variant" value=""/>
    <property name="java.vendor.url" value="https://adoptium.net/"/>
    <property name="user.timezone" value="Asia/Calcutta"/>
    <property name="os.name" value="Windows 11"/>
    <property name="java.vm.specification.version" value="21"/>
    <property name="user.country" value="US"/>
    <property name="sun.java.launcher" value="SUN_STANDARD"/>
    <property name="sun.boot.library.path" value="C:\Program Files\Java\jdk-21+35\bin"/>
    <property name="sun.java.command" value="C:\Users\Administrator\AppData\Local\Temp\surefire7963626854120325692\surefirebooter-20231205203811244_3.jar C:\Users\Administrator\AppData\Local\Temp\surefire7963626854120325692 2023-12-05T20-38-10_318-jvmRun1 surefire-20231205203811244_1tmp surefire_0-20231205203811244_2tmp"/>
    <property name="jdk.debug" value="release"/>
    <property name="surefire.test.class.path" value="C:\Projects\Maven Projects\temp\simplify-qa-connector-plugin\target\test-classes;C:\Projects\Maven Projects\temp\simplify-qa-connector-plugin\target\classes;C:\Users\Administrator\.m2\repository\com\fasterxml\jackson\core\jackson-databind\2.16.0\jackson-databind-2.16.0.jar;C:\Users\Administrator\.m2\repository\com\fasterxml\jackson\core\jackson-annotations\2.16.0\jackson-annotations-2.16.0.jar;C:\Users\Administrator\.m2\repository\com\fasterxml\jackson\core\jackson-core\2.16.0\jackson-core-2.16.0.jar;C:\Users\Administrator\.m2\repository\org\apache\clerezza\ext\org.json.simple\0.4\org.json.simple-0.4.jar;C:\Users\Administrator\.m2\repository\com\googlecode\json-simple\json-simple\1.1\json-simple-1.1.jar;C:\Users\Administrator\.m2\repository\org\jenkins-ci\plugins\structs\324.va_f5d6774f3a_d\structs-324.va_f5d6774f3a_d.jar;C:\Users\Administrator\.m2\repository\org\jenkins-ci\plugins\workflow\workflow-basic-steps\1017.vb_45b_302f0cea_\workflow-basic-steps-1017.vb_45b_302f0cea_.jar;C:\Users\Administrator\.m2\repository\org\jenkins-ci\plugins\workflow\workflow-step-api\639.v6eca_cd8c04a_a_\workflow-step-api-639.v6eca_cd8c04a_a_.jar;C:\Users\Administrator\.m2\repository\org\jenkins-ci\plugins\mailer\457.v3f72cb_e015e5\mailer-457.v3f72cb_e015e5.jar;C:\Users\Administrator\.m2\repository\org\jenkins-ci\plugins\display-url-api\2.3.7\display-url-api-2.3.7.jar;C:\Users\Administrator\.m2\repository\org\jenkins-ci\modules\instance-identity\173.va_37c494ec4e5\instance-identity-173.va_37c494ec4e5.jar;C:\Users\Administrator\.m2\repository\org\jenkins-ci\plugins\bouncycastle-api\2.28\bouncycastle-api-2.28.jar;C:\Users\Administrator\.m2\repository\org\bouncycastle\bcpkix-jdk18on\1.73\bcpkix-jdk18on-1.73.jar;C:\Users\Administrator\.m2\repository\org\bouncycastle\bcprov-jdk18on\1.73\bcprov-jdk18on-1.73.jar;C:\Users\Administrator\.m2\repository\org\bouncycastle\bcutil-jdk18on\1.73\bcutil-jdk18on-1.73.jar;C:\Users\Administrator\.m2\repository\org\jenkins-ci\plugins\workflow\workflow-api\1215.v2b_ee3e1b_dd39\workflow-api-1215.v2b_ee3e1b_dd39.jar;C:\Users\Administrator\.m2\repository\org\jenkins-ci\plugins\apache-httpcomponents-client-4-api\4.5.14-150.v7a_b_9d17134a_5\apache-httpcomponents-client-4-api-4.5.14-150.v7a_b_9d17134a_5.jar;C:\Users\Administrator\.m2\repository\org\apache\httpcomponents\httpcore\4.4.16\httpcore-4.4.16.jar;C:\Users\Administrator\.m2\repository\org\apache\httpcomponents\httpcore-nio\4.4.16\httpcore-nio-4.4.16.jar;C:\Users\Administrator\.m2\repository\org\apache\httpcomponents\httpclient\4.5.14\httpclient-4.5.14.jar;C:\Users\Administrator\.m2\repository\org\apache\httpcomponents\httpmime\4.5.14\httpmime-4.5.14.jar;C:\Users\Administrator\.m2\repository\org\apache\httpcomponents\fluent-hc\4.5.14\fluent-hc-4.5.14.jar;C:\Users\Administrator\.m2\repository\org\apache\httpcomponents\httpclient-cache\4.5.14\httpclient-cache-4.5.14.jar;C:\Users\Administrator\.m2\repository\org\apache\httpcomponents\httpasyncclient\4.1.5\httpasyncclient-4.1.5.jar;C:\Users\Administrator\.m2\repository\org\apache\httpcomponents\httpasyncclient-cache\4.1.5\httpasyncclient-cache-4.1.5.jar;C:\Users\Administrator\.m2\repository\io\jenkins\plugins\jakarta-mail-api\2.0.1-3\jakarta-mail-api-2.0.1-3.jar;C:\Users\Administrator\.m2\repository\com\sun\mail\jakarta.mail\2.0.1\jakarta.mail-2.0.1.jar;C:\Users\Administrator\.m2\repository\io\jenkins\plugins\jakarta-activation-api\2.0.1-3\jakarta-activation-api-2.0.1-3.jar;C:\Users\Administrator\.m2\repository\com\sun\activation\jakarta.activation\2.0.1\jakarta.activation-2.0.1.jar;C:\Users\Administrator\.m2\repository\org\jenkins-ci\plugins\workflow\workflow-cps\3673.v5b_dd74276262\workflow-cps-3673.v5b_dd74276262.jar;C:\Users\Administrator\.m2\repository\io\jenkins\plugins\ionicons-api\56.v1b_1c8c49374e\ionicons-api-56.v1b_1c8c49374e.jar;C:\Users\Administrator\.m2\repository\org\jenkins-ci\plugins\workflow\workflow-support\839.v35e2736cfd5c\workflow-support-839.v35e2736cfd5c.jar;C:\Users\Administrator\.m2\repository\io\jenkins\plugins\caffeine-api\3.1.6-115.vb_8b_b_328e59d8\caffeine-api-3.1.6-115.vb_8b_b_328e59d8.jar;C:\Users\Administrator\.m2\repository\com\github\ben-manes\caffeine\caffeine\3.1.6\caffeine-3.1.6.jar;C:\Users\Administrator\.m2\repository\org\jboss\marshalling\jboss-marshalling-river\2.1.0.Final\jboss-marshalling-river-2.1.0.Final.jar;C:\Users\Administrator\.m2\repository\org\jboss\marshalling\jboss-marshalling\2.1.0.Final\jboss-marshalling-2.1.0.Final.jar;C:\Users\Administrator\.m2\repository\org\jenkins-ci\plugins\workflow\workflow-scm-step\408.v7d5b_135a_b_d49\workflow-scm-step-408.v7d5b_135a_b_d49.jar;C:\Users\Administrator\.m2\repository\org\jenkins-ci\plugins\script-security\1251.vfe552ed55f8d\script-security-1251.vfe552ed55f8d.jar;C:\Users\Administrator\.m2\repository\org\kohsuke\groovy-sandbox\1.33\groovy-sandbox-1.33.jar;C:\Users\Administrator\.m2\repository\org\jenkins-ci\plugins\scm-api\676.v886669a_199a_a_\scm-api-676.v886669a_199a_a_.jar;C:\Users\Administrator\.m2\repository\com\cloudbees\groovy-cps\3673.v5b_dd74276262\groovy-cps-3673.v5b_dd74276262.jar;C:\Users\Administrator\.m2\repository\com\cloudbees\diff4j\1.3\diff4j-1.3.jar;C:\Users\Administrator\.m2\repository\org\jenkins-ci\plugins\workflow\workflow-durable-task-step\1247.v7f9dfea_b_4fd0\workflow-durable-task-step-1247.v7f9dfea_b_4fd0.jar;C:\Users\Administrator\.m2\repository\org\jenkins-ci\plugins\durable-task\507.v050055d0cb_dd\durable-task-507.v050055d0cb_dd.jar;C:\Users\Administrator\.m2\repository\io\jenkins\plugins\lib-durable-task\40.vc66cf8fb_4613\lib-durable-task-40.vc66cf8fb_4613.jar;C:\Users\Administrator\.m2\repository\org\jenkins-ci\plugins\workflow\workflow-job\1308.v58d48a_763b_31\workflow-job-1308.v58d48a_763b_31.jar;C:\Users\Administrator\.m2\repository\org\jenkins-ci\main\jenkins-core\2.375.1\jenkins-core-2.375.1.jar;C:\Users\Administrator\.m2\repository\org\jenkins-ci\main\cli\2.375.1\cli-2.375.1.jar;C:\Users\Administrator\.m2\repository\org\jenkins-ci\main\remoting\3071.v7e9b_0dc08466\remoting-3071.v7e9b_0dc08466.jar;C:\Users\Administrator\.m2\repository\antlr\antlr\2.7.7\antlr-2.7.7.jar;C:\Users\Administrator\.m2\repository\args4j\args4j\2.33\args4j-2.33.jar;C:\Users\Administrator\.m2\repository\com\github\spotbugs\spotbugs-annotations\4.7.3\spotbugs-annotations-4.7.3.jar;C:\Users\Administrator\.m2\repository\com\google\guava\guava\31.1-jre\guava-31.1-jre.jar;C:\Users\Administrator\.m2\repository\com\google\guava\failureaccess\1.0.1\failureaccess-1.0.1.jar;C:\Users\Administrator\.m2\repository\com\google\guava\listenablefuture\9999.0-empty-to-avoid-conflict-with-guava\listenablefuture-9999.0-empty-to-avoid-conflict-with-guava.jar;C:\Users\Administrator\.m2\repository\com\google\code\findbugs\jsr305\3.0.1\jsr305-3.0.1.jar;C:\Users\Administrator\.m2\repository\com\google\inject\guice\5.0.1\guice-5.0.1.jar;C:\Users\Administrator\.m2\repository\javax\inject\javax.inject\1\javax.inject-1.jar;C:\Users\Administrator\.m2\repository\com\infradna\tool\bridge-method-annotation\1.23\bridge-method-annotation-1.23.jar;C:\Users\Administrator\.m2\repository\com\jcraft\jzlib\1.1.3-kohsuke-1\jzlib-1.1.3-kohsuke-1.jar;C:\Users\Administrator\.m2\repository\com\sun\solaris\embedded_su4j\1.1\embedded_su4j-1.1.jar;C:\Users\Administrator\.m2\repository\com\sun\xml\txw2\txw2\20110809\txw2-20110809.jar;C:\Users\Administrator\.m2\repository\relaxngDatatype\relaxngDatatype\20020414\relaxngDatatype-20020414.jar;C:\Users\Administrator\.m2\repository\com\thoughtworks\xstream\xstream\1.4.19\xstream-1.4.19.jar;C:\Users\Administrator\.m2\repository\io\github\x-stream\mxparser\1.2.2\mxparser-1.2.2.jar;C:\Users\Administrator\.m2\repository\commons-beanutils\commons-beanutils\1.9.4\commons-beanutils-1.9.4.jar;C:\Users\Administrator\.m2\repository\commons-codec\commons-codec\1.15\commons-codec-1.15.jar;C:\Users\Administrator\.m2\repository\commons-collections\commons-collections\3.2.2\commons-collections-3.2.2.jar;C:\Users\Administrator\.m2\repository\commons-fileupload\commons-fileupload\1.4\commons-fileupload-1.4.jar;C:\Users\Administrator\.m2\repository\commons-httpclient\commons-httpclient\3.1-jenkins-3\commons-httpclient-3.1-jenkins-3.jar;C:\Users\Administrator\.m2\repository\commons-io\commons-io\2.11.0\commons-io-2.11.0.jar;C:\Users\Administrator\.m2\repository\commons-jelly\commons-jelly-tags-fmt\1.0\commons-jelly-tags-fmt-1.0.jar;C:\Users\Administrator\.m2\repository\commons-jelly\commons-jelly-tags-xml\1.1\commons-jelly-tags-xml-1.1.jar;C:\Users\Administrator\.m2\repository\commons-lang\commons-lang\2.6\commons-lang-2.6.jar;C:\Users\Administrator\.m2\repository\io\jenkins\stapler\jenkins-stapler-support\1.1\jenkins-stapler-support-1.1.jar;C:\Users\Administrator\.m2\repository\jakarta\servlet\jsp\jstl\jakarta.servlet.jsp.jstl-api\1.2.7\jakarta.servlet.jsp.jstl-api-1.2.7.jar;C:\Users\Administrator\.m2\repository\jaxen\jaxen\1.2.0\jaxen-1.2.0.jar;C:\Users\Administrator\.m2\repository\jline\jline\2.14.6\jline-2.14.6.jar;C:\Users\Administrator\.m2\repository\net\java\dev\jna\jna\5.12.1\jna-5.12.1.jar;C:\Users\Administrator\.m2\repository\net\java\sezpoz\sezpoz\1.13\sezpoz-1.13.jar;C:\Users\Administrator\.m2\repository\net\jcip\jcip-annotations\1.0\jcip-annotations-1.0.jar;C:\Users\Administrator\.m2\repository\net\sf\kxml\kxml2\2.3.0\kxml2-2.3.0.jar;C:\Users\Administrator\.m2\repository\org\apache\ant\ant\1.10.12\ant-1.10.12.jar;C:\Users\Administrator\.m2\repository\org\apache\ant\ant-launcher\1.10.12\ant-launcher-1.10.12.jar;C:\Users\Administrator\.m2\repository\org\apache\commons\commons-compress\1.21\commons-compress-1.21.jar;C:\Users\Administrator\.m2\repository\org\codehaus\groovy\groovy-all\2.4.21\groovy-all-2.4.21.jar;C:\Users\Administrator\.m2\repository\org\connectbot\jbcrypt\jbcrypt\1.0.0\jbcrypt-1.0.0.jar;C:\Users\Administrator\.m2\repository\org\fusesource\jansi\jansi\1.11\jansi-1.11.jar;C:\Users\Administrator\.m2\repository\org\jenkins-ci\annotation-indexer\1.16\annotation-indexer-1.16.jar;C:\Users\Administrator\.m2\repository\org\jenkins-ci\commons-jexl\1.1-jenkins-20111212\commons-jexl-1.1-jenkins-20111212.jar;C:\Users\Administrator\.m2\repository\org\jenkins-ci\crypto-util\1.7\crypto-util-1.7.jar;C:\Users\Administrator\.m2\repository\org\jenkins-ci\memory-monitor\1.12\memory-monitor-1.12.jar;C:\Users\Administrator\.m2\repository\org\jenkins-ci\symbol-annotation\1.23\symbol-annotation-1.23.jar;C:\Users\Administrator\.m2\repository\org\jenkins-ci\task-reactor\1.8\task-reactor-1.8.jar;C:\Users\Administrator\.m2\repository\org\jenkins-ci\version-number\1.10\version-number-1.10.jar;C:\Users\Administrator\.m2\repository\org\jenkins-ci\main\websocket-spi\2.375.1\websocket-spi-2.375.1.jar;C:\Users\Administrator\.m2\repository\org\jfree\jfreechart\1.0.19\jfreechart-1.0.19.jar;C:\Users\Administrator\.m2\repository\org\jfree\jcommon\1.0.23\jcommon-1.0.23.jar;C:\Users\Administrator\.m2\repository\org\jvnet\hudson\commons-jelly-tags-define\1.0.1-hudson-20071021\commons-jelly-tags-define-1.0.1-hudson-20071021.jar;C:\Users\Administrator\.m2\repository\org\jvnet\localizer\localizer\1.31\localizer-1.31.jar;C:\Users\Administrator\.m2\repository\org\jvnet\robust-http-client\robust-http-client\1.2\robust-http-client-1.2.jar;C:\Users\Administrator\.m2\repository\org\jvnet\winp\winp\1.30\winp-1.30.jar;C:\Users\Administrator\.m2\repository\org\kohsuke\access-modifier-annotation\1.27\access-modifier-annotation-1.27.jar;C:\Users\Administrator\.m2\repository\org\kohsuke\windows-package-checker\1.2\windows-package-checker-1.2.jar;C:\Users\Administrator\.m2\repository\org\kohsuke\jinterop\j-interop\2.0.8-kohsuke-1\j-interop-2.0.8-kohsuke-1.jar;C:\Users\Administrator\.m2\repository\org\kohsuke\jinterop\j-interopdeps\2.0.8-kohsuke-1\j-interopdeps-2.0.8-kohsuke-1.jar;C:\Users\Administrator\.m2\repository\org\samba\jcifs\jcifs\1.3.18-kohsuke-1\jcifs-1.3.18-kohsuke-1.jar;C:\Users\Administrator\.m2\repository\org\kohsuke\stapler\json-lib\2.4-jenkins-3\json-lib-2.4-jenkins-3.jar;C:\Users\Administrator\.m2\repository\net\sf\ezmorph\ezmorph\1.0.6\ezmorph-1.0.6.jar;C:\Users\Administrator\.m2\repository\org\kohsuke\stapler\stapler\1736.vb_1e05c4231b_c\stapler-1736.vb_1e05c4231b_c.jar;C:\Users\Administrator\.m2\repository\commons-discovery\commons-discovery\0.5\commons-discovery-0.5.jar;C:\Users\Administrator\.m2\repository\jakarta\annotation\jakarta.annotation-api\2.1.1\jakarta.annotation-api-2.1.1.jar;C:\Users\Administrator\.m2\repository\javax\annotation\javax.annotation-api\1.3.2\javax.annotation-api-1.3.2.jar;C:\Users\Administrator\.m2\repository\org\jvnet\tiger-types\2.2\tiger-types-2.2.jar;C:\Users\Administrator\.m2\repository\org\kohsuke\stapler\stapler-adjunct-codemirror\1.3\stapler-adjunct-codemirror-1.3.jar;C:\Users\Administrator\.m2\repository\org\kohsuke\stapler\stapler-adjunct-timeline\1.5\stapler-adjunct-timeline-1.5.jar;C:\Users\Administrator\.m2\repository\org\kohsuke\stapler\stapler-groovy\1736.vb_1e05c4231b_c\stapler-groovy-1736.vb_1e05c4231b_c.jar;C:\Users\Administrator\.m2\repository\org\kohsuke\stapler\stapler-jelly\1736.vb_1e05c4231b_c\stapler-jelly-1736.vb_1e05c4231b_c.jar;C:\Users\Administrator\.m2\repository\org\dom4j\dom4j\2.1.3\dom4j-2.1.3.jar;C:\Users\Administrator\.m2\repository\org\jenkins-ci\commons-jelly\1.1-jenkins-20220630\commons-jelly-1.1-jenkins-20220630.jar;C:\Users\Administrator\.m2\repository\org\ow2\asm\asm\9.4\asm-9.4.jar;C:\Users\Administrator\.m2\repository\org\ow2\asm\asm-analysis\9.4\asm-analysis-9.4.jar;C:\Users\Administrator\.m2\repository\org\ow2\asm\asm-commons\9.4\asm-commons-9.4.jar;C:\Users\Administrator\.m2\repository\org\ow2\asm\asm-tree\9.4\asm-tree-9.4.jar;C:\Users\Administrator\.m2\repository\org\ow2\asm\asm-util\9.4\asm-util-9.4.jar;C:\Users\Administrator\.m2\repository\org\slf4j\jcl-over-slf4j\2.0.3\jcl-over-slf4j-2.0.3.jar;C:\Users\Administrator\.m2\repository\org\slf4j\slf4j-api\2.0.3\slf4j-api-2.0.3.jar;C:\Users\Administrator\.m2\repository\org\slf4j\log4j-over-slf4j\2.0.3\log4j-over-slf4j-2.0.3.jar;C:\Users\Administrator\.m2\repository\org\springframework\security\spring-security-web\5.7.4\spring-security-web-5.7.4.jar;C:\Users\Administrator\.m2\repository\org\springframework\security\spring-security-core\5.7.4\spring-security-core-5.7.4.jar;C:\Users\Administrator\.m2\repository\org\springframework\security\spring-security-crypto\5.7.4\spring-security-crypto-5.7.4.jar;C:\Users\Administrator\.m2\repository\org\springframework\spring-core\5.3.23\spring-core-5.3.23.jar;C:\Users\Administrator\.m2\repository\org\springframework\spring-aop\5.3.23\spring-aop-5.3.23.jar;C:\Users\Administrator\.m2\repository\org\springframework\spring-beans\5.3.23\spring-beans-5.3.23.jar;C:\Users\Administrator\.m2\repository\org\springframework\spring-context\5.3.23\spring-context-5.3.23.jar;C:\Users\Administrator\.m2\repository\org\springframework\spring-expression\5.3.23\spring-expression-5.3.23.jar;C:\Users\Administrator\.m2\repository\org\springframework\spring-web\5.3.23\spring-web-5.3.23.jar;C:\Users\Administrator\.m2\repository\xpp3\xpp3\1.1.4c\xpp3-1.1.4c.jar;C:\Users\Administrator\.m2\repository\org\jenkins-ci\main\jenkins-war\2.375.1\jenkins-war-2.375.1.war;C:\Users\Administrator\.m2\repository\org\jenkins-ci\main\websocket-jetty10\2.375.1\websocket-jetty10-2.375.1.jar;C:\Users\Administrator\.m2\repository\org\kohsuke\metainf-services\metainf-services\1.9\metainf-services-1.9.jar;C:\Users\Administrator\.m2\repository\org\jenkins-ci\main\websocket-jetty9\2.375.1\websocket-jetty9-2.375.1.jar;C:\Users\Administrator\.m2\repository\org\slf4j\slf4j-jdk14\2.0.3\slf4j-jdk14-2.0.3.jar;C:\Users\Administrator\.m2\repository\jakarta\servlet\jakarta.servlet-api\4.0.4\jakarta.servlet-api-4.0.4.jar;C:\Users\Administrator\.m2\repository\commons-logging\commons-logging\1.2\commons-logging-1.2.jar;C:\Users\Administrator\.m2\repository\org\jenkins-ci\main\jenkins-test-harness\2099.vc95b_86578f37\jenkins-test-harness-2099.vc95b_86578f37.jar;C:\Users\Administrator\.m2\repository\io\jenkins\lib\support-log-formatter\1.2\support-log-formatter-1.2.jar;C:\Users\Administrator\.m2\repository\junit\junit\4.13.2\junit-4.13.2.jar;C:\Users\Administrator\.m2\repository\org\hamcrest\hamcrest-core\2.2\hamcrest-core-2.2.jar;C:\Users\Administrator\.m2\repository\org\eclipse\jetty\jetty-security\10.0.17\jetty-security-10.0.17.jar;C:\Users\Administrator\.m2\repository\org\eclipse\jetty\jetty-server\10.0.17\jetty-server-10.0.17.jar;C:\Users\Administrator\.m2\repository\org\eclipse\jetty\jetty-http\10.0.17\jetty-http-10.0.17.jar;C:\Users\Administrator\.m2\repository\org\eclipse\jetty\jetty-io\10.0.17\jetty-io-10.0.17.jar;C:\Users\Administrator\.m2\repository\org\eclipse\jetty\jetty-webapp\10.0.17\jetty-webapp-10.0.17.jar;C:\Users\Administrator\.m2\repository\org\eclipse\jetty\jetty-servlet\10.0.17\jetty-servlet-10.0.17.jar;C:\Users\Administrator\.m2\repository\org\eclipse\jetty\jetty-xml\10.0.17\jetty-xml-10.0.17.jar;C:\Users\Administrator\.m2\repository\org\eclipse\jetty\jetty-util\10.0.17\jetty-util-10.0.17.jar;C:\Users\Administrator\.m2\repository\org\eclipse\jetty\websocket\websocket-jetty-server\10.0.17\websocket-jetty-server-10.0.17.jar;C:\Users\Administrator\.m2\repository\org\eclipse\jetty\websocket\websocket-jetty-api\10.0.17\websocket-jetty-api-10.0.17.jar;C:\Users\Administrator\.m2\repository\org\eclipse\jetty\websocket\websocket-jetty-common\10.0.17\websocket-jetty-common-10.0.17.jar;C:\Users\Administrator\.m2\repository\org\eclipse\jetty\websocket\websocket-core-common\10.0.17\websocket-core-common-10.0.17.jar;C:\Users\Administrator\.m2\repository\org\eclipse\jetty\websocket\websocket-servlet\10.0.17\websocket-servlet-10.0.17.jar;C:\Users\Administrator\.m2\repository\org\eclipse\jetty\websocket\websocket-core-server\10.0.17\websocket-core-server-10.0.17.jar;C:\Users\Administrator\.m2\repository\org\eclipse\jetty\toolchain\jetty-servlet-api\4.0.6\jetty-servlet-api-4.0.6.jar;C:\Users\Administrator\.m2\repository\org\hamcrest\hamcrest\2.2\hamcrest-2.2.jar;C:\Users\Administrator\.m2\repository\org\jenkins-ci\main\jenkins-test-harness-htmlunit\158.v7f737a_0dea_b_b_\jenkins-test-harness-htmlunit-158.v7f737a_0dea_b_b_.jar;C:\Users\Administrator\.m2\repository\org\junit\jupiter\junit-jupiter-api\5.10.0\junit-jupiter-api-5.10.0.jar;C:\Users\Administrator\.m2\repository\org\opentest4j\opentest4j\1.3.0\opentest4j-1.3.0.jar;C:\Users\Administrator\.m2\repository\org\junit\platform\junit-platform-commons\1.10.0\junit-platform-commons-1.10.0.jar;C:\Users\Administrator\.m2\repository\org\netbeans\modules\org-netbeans-insane\RELEASE190\org-netbeans-insane-RELEASE190.jar;C:\Users\Administrator\.m2\repository\org\openjdk\jmh\jmh-core\1.37\jmh-core-1.37.jar;C:\Users\Administrator\.m2\repository\net\sf\jopt-simple\jopt-simple\5.0.4\jopt-simple-5.0.4.jar;C:\Users\Administrator\.m2\repository\org\apache\commons\commons-math3\3.6.1\commons-math3-3.6.1.jar;C:\Users\Administrator\.m2\repository\org\openjdk\jmh\jmh-generator-annprocess\1.37\jmh-generator-annprocess-1.37.jar;C:\Users\Administrator\.m2\repository\org\jenkins-ci\test-annotations\1.4\test-annotations-1.4.jar;C:\Users\Administrator\.m2\repository\org\junit\jupiter\junit-jupiter\5.10.0\junit-jupiter-5.10.0.jar;C:\Users\Administrator\.m2\repository\org\junit\jupiter\junit-jupiter-params\5.10.0\junit-jupiter-params-5.10.0.jar;C:\Users\Administrator\.m2\repository\org\junit\jupiter\junit-jupiter-engine\5.10.0\junit-jupiter-engine-5.10.0.jar;C:\Users\Administrator\.m2\repository\org\junit\vintage\junit-vintage-engine\5.10.0\junit-vintage-engine-5.10.0.jar;C:\Users\Administrator\.m2\repository\org\junit\platform\junit-platform-engine\1.10.0\junit-platform-engine-1.10.0.jar;C:\Users\Administrator\.m2\repository\org\apiguardian\apiguardian-api\1.1.2\apiguardian-api-1.1.2.jar;"/>
    <property name="sun.cpu.endian" value="little"/>
    <property name="mail.smtps.sendpartial" value="true"/>
    <property name="user.home" value="C:\Users\Administrator"/>
    <property name="user.language" value="en"/>
    <property name="java.specification.vendor" value="Oracle Corporation"/>
    <property name="java.version.date" value="2023-09-19"/>
    <property name="java.home" value="C:\Program Files\Java\jdk-21+35"/>
    <property name="surefire.forkNumber" value="1"/>
    <property name="file.separator" value="\"/>
    <property name="basedir" value="C:\Projects\Maven Projects\temp\simplify-qa-connector-plugin"/>
    <property name="java.vm.compressedOopsMode" value="32-bit"/>
    <property name="line.separator" value="&#10;"/>
    <property name="java.vm.specification.vendor" value="Oracle Corporation"/>
    <property name="java.specification.name" value="Java Platform API Specification"/>
    <property name="java.awt.headless" value="true"/>
    <property name="org.eclipse.jetty.server.Request.maxFormContentSize" value="-1"/>
    <property name="surefire.real.class.path" value="C:\Users\Administrator\AppData\Local\Temp\surefire7963626854120325692\surefirebooter-20231205203811244_3.jar"/>
    <property name="user.script" value=""/>
    <property name="sun.management.compiler" value="HotSpot 64-Bit Tiered Compilers"/>
    <property name="java.runtime.version" value="21+35-LTS"/>
    <property name="user.name" value="SYSTEM"/>
    <property name="stdout.encoding" value="Cp1252"/>
    <property name="path.separator" value=";"/>
    <property name="os.version" value="10.0"/>
    <property name="java.runtime.name" value="OpenJDK Runtime Environment"/>
    <property name="file.encoding" value="UTF-8"/>
    <property name="jnidispatch.path" value="C:\Projects\Maven Projects\temp\simplify-qa-connector-plugin\target\tmp\jna--1833998801\jna14886966275297448899.dll"/>
    <property name="java.vm.name" value="OpenJDK 64-Bit Server VM"/>
    <property name="java.vendor.version" value="Temurin-21+35"/>
    <property name="mail.smtp.sendpartial" value="true"/>
    <property name="localRepository" value="C:\Users\Administrator\.m2\repository"/>
    <property name="jna.loaded" value="true"/>
    <property name="java.vendor.url.bug" value="https://github.com/adoptium/adoptium-support/issues"/>
    <property name="jetty.git.hash" value="af15f12297adf5c5083e1f2f8f4c5974438bca25"/>
    <property name="java.io.tmpdir" value="C:\Projects\Maven Projects\temp\simplify-qa-connector-plugin\target/tmp"/>
    <property name="java.version" value="21"/>
    <property name="user.dir" value="C:\Projects\Maven Projects\temp\simplify-qa-connector-plugin"/>
    <property name="os.arch" value="amd64"/>
    <property name="jenkins.model.Jenkins.SHOW_STACK_TRACE" value="true"/>
    <property name="java.vm.specification.name" value="Java Virtual Machine Specification"/>
    <property name="sun.os.patch.level" value=""/>
    <property name="native.encoding" value="Cp1252"/>
    <property name="java.library.path" value="C:\Program Files\Java\jdk-21+35\bin;C:\Windows\Sun\Java\bin;C:\Windows\system32;C:\Windows;C:\Users\Administrator\AppData\Local\cloud-code\installer\google-cloud-sdk\bin;C:\Windows\system32;C:\Windows;C:\Windows\System32\Wbem;C:\Windows\System32\WindowsPowerShell\v1.0\;C:\Windows\System32\OpenSSH\;C:\Program Files\Microsoft VS Code\bin;C:\Program Files\Git\cmd;C:\Program Files\Docker\Docker\resources\bin;C:\Program Files\apache-maven-3.9.4\bin;C:\Program Files\dotnet\;C:\Program Files\Git LFS;C:\Program Files\eclipse-java-2023-09-R-win32-x86_64\eclipse;C:\Program Files\atlassian-bamboo-9.3.3-x64\bin;C:\Program Files\apache-tomcat-9.0.80\bin;C:\Program Files\node-v20.7.0-win-x64;C:\Program Files\gradle-8.3\bin;C:\Program Files\Concourse;C:\Users\birendra.b\AppData\Local\Postman;C:\Program Files (x86)\Windows Kits\10\Windows Performance Toolkit\;C:\Program Files\Java\jdk-21+35\bin;C:\ProgramData\chocolatey\bin;C:\Program Files\nodejs\;C:\Program Files\Python39\Scripts;C:\Program Files\Python39;C:\Program Files (x86)\Simplify3x\SimplifyQA;C:\Program Files\Go\bin;C:\Program Files (x86)\Groovy\bin;C:\Users\Administrator\AppData\Local\Microsoft\WindowsApps;C:\Program Files\apache-maven-3.9.4\bin;C:\Users\Administrator\.dotnet\tools;C:\Program Files\eclipse-java-2023-09-R-win32-x86_64\eclipse;C:\Program Files\atlassian-bamboo-9.3.3-x64\bin;C:\Program Files\apache-tomcat-9.0.80\bin;C:\Program Files\node-v20.7.0-win-x64;C:\Program Files\gradle-8.3\bin;C:\Program Files\Concourse;C:\Users\birendra.b\AppData\Local\Postman;C:\Applications\Atlassian\atlassian-plugin-sdk-8.2.7\bin;C:\Program Files\Java\jdk-21+35\bin;C:\Users\Administrator\AppData\Roaming\npm;C:\Program Files\Python39\Scripts;C:\Program Files\Python39;C:\Program Files (x86)\Simplify3x\SimplifyQA;;."/>
    <property name="java.vm.info" value="mixed mode, emulated-client"/>
    <property name="stderr.encoding" value="Cp1252"/>
    <property name="java.vendor" value="Eclipse Adoptium"/>
    <property name="java.vm.version" value="21+35-LTS"/>
    <property name="sun.io.unicode.encoding" value="UnicodeLittle"/>
    <property name="java.class.version" value="65.0"/>
  </properties>
  <testcase name="" classname="org.jvnet.hudson.test.JellyTestSuiteBuilder$JellyCheck" time="0.123">
    <system-out><![CDATA[Running tests for io.jenkins.plugins:simplify-qa-connector:2.0-SNAPSHOT
]]></system-out>
    <system-err><![CDATA[Dec 05, 2023 8:38:12 PM org.jvnet.hudson.test.WarExploder explode
INFO: Exploding C:\Users\Administrator\.m2\repository\org\jenkins-ci\main\jenkins-war\2.375.1\jenkins-war-2.375.1.war into C:\Projects\Maven Projects\temp\simplify-qa-connector-plugin\target\jenkins-for-test
Dec 05, 2023 8:38:17 PM org.eclipse.jetty.server.handler.ContextHandler setContextPath
WARNING: Empty contextPath
Dec 05, 2023 8:38:17 PM org.eclipse.jetty.server.Server doStart
INFO: jetty-10.0.17; built: 2023-10-09T18:22:21.150Z; git: af15f12297adf5c5083e1f2f8f4c5974438bca25; jvm 21+35-LTS
Dec 05, 2023 8:38:18 PM org.eclipse.jetty.webapp.StandardDescriptorProcessor visitServlet
INFO: NO JSP Support for /, did not find org.eclipse.jetty.jsp.JettyJspServlet
Dec 05, 2023 8:38:18 PM org.eclipse.jetty.server.session.DefaultSessionIdManager doStart
INFO: Session workerName=node0
Dec 05, 2023 8:38:18 PM org.eclipse.jetty.server.handler.ContextHandler doStart
INFO: Started o.e.j.w.WebAppContext@4c48fe92{Jenkins v2.375.1,/,file:///C:/Projects/Maven%20Projects/temp/simplify-qa-connector-plugin/target/jenkins-for-test/,AVAILABLE}{C:\Projects\Maven Projects\temp\simplify-qa-connector-plugin\target\jenkins-for-test}
Dec 05, 2023 8:38:18 PM org.eclipse.jetty.server.AbstractConnector doStart
INFO: Started ServerConnector@652ce654{HTTP/1.1, (http/1.1)}{localhost:52522}
Dec 05, 2023 8:38:18 PM org.eclipse.jetty.server.Server doStart
INFO: Started Server@7c6442c2{STARTING}[10.0.17,sto=0] @6863ms
Dec 05, 2023 8:38:18 PM jenkins.InitReactorRunner$1 onAttained
INFO: Started initialization
Dec 05, 2023 8:38:20 PM hudson.PluginManager considerDetachedPlugin
INFO: Loading a detached plugin as a dependency: C:\Users\ADMINI~1\AppData\Local\Temp\jenkins11298546380843817649\plugins\javax-activation-api.jpi
Dec 05, 2023 8:38:20 PM hudson.PluginManager considerDetachedPlugin
INFO: Loading a detached plugin as a dependency: C:\Users\ADMINI~1\AppData\Local\Temp\jenkins11298546380843817649\plugins\javax-mail-api.jpi
Dec 05, 2023 8:38:20 PM jenkins.InitReactorRunner$1 onAttained
INFO: Listed all plugins
Dec 05, 2023 8:38:20 PM jenkins.bouncycastle.api.BouncyCastlePlugin start
INFO: C:\Projects\Maven Projects\temp\simplify-qa-connector-plugin\target\tmp\j h11916746244929037885\plugins\bouncycastle-api\WEB-INF\optional-lib not found; for non RealJenkinsRule this is fine and can be ignored.
Dec 05, 2023 8:38:21 PM jenkins.InitReactorRunner$1 onAttained
INFO: Prepared all plugins
Dec 05, 2023 8:38:21 PM jenkins.InitReactorRunner$1 onAttained
INFO: Started all plugins
Dec 05, 2023 8:38:21 PM jenkins.InitReactorRunner$1 onAttained
INFO: Augmented all extensions
Dec 05, 2023 8:38:22 PM jenkins.InitReactorRunner$1 onAttained
INFO: System config loaded
Dec 05, 2023 8:38:22 PM jenkins.InitReactorRunner$1 onAttained
INFO: System config adapted
Dec 05, 2023 8:38:22 PM jenkins.InitReactorRunner$1 onAttained
INFO: Loaded all jobs
Dec 05, 2023 8:38:22 PM jenkins.InitReactorRunner$1 onAttained
INFO: Configuration for all jobs updated
Dec 05, 2023 8:38:22 PM jenkins.InitReactorRunner$1 onAttained
INFO: Completed initialization
Dec 05, 2023 8:38:22 PM org.eclipse.jetty.server.Server doStart
INFO: jetty-10.0.17; built: 2023-10-09T18:22:21.150Z; git: af15f12297adf5c5083e1f2f8f4c5974438bca25; jvm 21+35-LTS
Dec 05, 2023 8:38:22 PM org.eclipse.jetty.server.session.DefaultSessionIdManager doStart
INFO: Session workerName=node0
Dec 05, 2023 8:38:22 PM org.eclipse.jetty.server.handler.ContextHandler doStart
INFO: Started o.e.j.s.ServletContextHandler@f6de586{/,null,AVAILABLE}
Dec 05, 2023 8:38:22 PM org.eclipse.jetty.server.AbstractConnector doStart
INFO: Started ServerConnector@7c847072{HTTP/1.1, (http/1.1)}{0.0.0.0:52542}
Dec 05, 2023 8:38:22 PM org.eclipse.jetty.server.Server doStart
INFO: Started Server@23f86d8a{STARTING}[10.0.17,sto=0] @11439ms
]]></system-err>
  </testcase>
  <testcase name="" classname="org.jvnet.hudson.test.JellyTestSuiteBuilder$JellyCheck" time="0.006"/>
  <testcase name="" classname="org.jvnet.hudson.test.JellyTestSuiteBuilder$JellyCheck" time="0.103"/>
  <testcase name="testCliSanity" classname="InjectedTest" time="0.012"/>
  <testcase name="testPluginActive" classname="InjectedTest" time="0.002"/>
  <testcase name="" classname="org.jvnet.hudson.test.junit.FailedTest" time="0.0">
    <system-err><![CDATA[Dec 05, 2023 8:38:24 PM org.eclipse.jetty.server.Server doStop
INFO: Stopped Server@7c6442c2{STOPPING}[10.0.17,sto=0]
Dec 05, 2023 8:38:24 PM org.eclipse.jetty.server.AbstractConnector doStop
INFO: Stopped ServerConnector@652ce654{HTTP/1.1, (http/1.1)}{localhost:0}
Dec 05, 2023 8:38:24 PM org.eclipse.jetty.server.handler.ContextHandler doStop
INFO: Stopped o.e.j.w.WebAppContext@4c48fe92{Jenkins v2.375.1,/,file:///C:/Projects/Maven%20Projects/temp/simplify-qa-connector-plugin/target/jenkins-for-test/,STOPPED}{C:\Projects\Maven Projects\temp\simplify-qa-connector-plugin\target\jenkins-for-test}
Dec 05, 2023 8:38:24 PM hudson.lifecycle.Lifecycle onStatusUpdate
INFO: Stopping Jenkins
Dec 05, 2023 8:38:25 PM hudson.lifecycle.Lifecycle onStatusUpdate
INFO: Jenkins stopped
Dec 05, 2023 8:38:25 PM org.jvnet.hudson.test.TemporaryDirectoryAllocator dispose
INFO: deleting C:\Projects\Maven Projects\temp\simplify-qa-connector-plugin\target\tmp\j h11916746244929037885
]]></system-err>
  </testcase>
  <testcase name="" classname="org.jvnet.hudson.test.PropertiesTestSuite$PropertiesTest" time="0.002"/>
  <testcase name="" classname="org.jvnet.hudson.test.PropertiesTestSuite$PropertiesTest" time="0.01"/>
</testsuite>